<?xml version="1.0" encoding="UTF-8"?>
<testng-results ignored="0" total="1" passed="1" failed="0" skipped="0">
  <reporter-output>
  </reporter-output>
  <suite started-at="2021-09-26T11:37:15Z" name="Default suite" finished-at="2021-09-26T11:37:48Z" duration-ms="33516">
    <groups>
    </groups>
    <test started-at="2021-09-26T11:37:15Z" name="Default test" finished-at="2021-09-26T11:37:48Z" duration-ms="33516">
      <class name="com.testingshastra.uitests.homepagetests.HomePageTests">
        <test-method is-config="true" signature="launchBrowser()[pri:0, instance:com.testingshastra.uitests.homepagetests.HomePageTests@4ebff610]" started-at="2021-09-26T11:37:15Z" name="launchBrowser" finished-at="2021-09-26T11:37:46Z" duration-ms="31709" status="PASS">
          <reporter-output>
          </reporter-output>
        </test-method> <!-- launchBrowser -->
        <test-method signature="verifyTitleOfHOmePage()[pri:0, instance:com.testingshastra.uitests.homepagetests.HomePageTests@4ebff610]" started-at="2021-09-26T11:37:46Z" name="verifyTitleOfHOmePage" finished-at="2021-09-26T11:37:47Z" duration-ms="591" status="PASS">
          <reporter-output>
          </reporter-output>
        </test-method> <!-- verifyTitleOfHOmePage -->
        <test-method is-config="true" signature="tearDown()[pri:0, instance:com.testingshastra.uitests.homepagetests.HomePageTests@4ebff610]" started-at="2021-09-26T11:37:47Z" name="tearDown" finished-at="2021-09-26T11:37:48Z" duration-ms="1163" status="PASS">
          <reporter-output>
          </reporter-output>
        </test-method> <!-- tearDown -->
      </class> <!-- com.testingshastra.uitests.homepagetests.HomePageTests -->
    </test> <!-- Default test -->
  </suite> <!-- Default suite -->
</testng-results>
